2018/10/15-17:09 [main] ERROR org.springframework.boot.context.logging.LoggingApplicationListener- Cannot set level: WARN   for 'com.mycompany.mavenspringboot.controller'
 2018/10/15-17:09 [main] ERROR org.springframework.boot.context.logging.LoggingApplicationListener- Cannot set level: DEBUG   for 'com.mycompany.mavenspringboot.mapper'
 2018/10/15-17:09 [main] INFO  com.example.PenglangApplication- Starting PenglangApplication on LAPTOP-5L36Q17F with PID 14956 (E:\IdeaProjects\penglang\target\classes started by PengLang in E:\IdeaProjects\penglang)
 2018/10/15-17:09 [main] INFO  com.example.PenglangApplication- The following profiles are active: dev
 2018/10/15-17:09 [main] INFO  org.springframework.boot.web.servlet.context.AnnotationConfigServletWebServerApplicationContext- Refreshing org.springframework.boot.web.servlet.context.AnnotationConfigServletWebServerApplicationContext@68ad99fe: startup date [Mon Oct 15 17:09:53 CST 2018]; root of context hierarchy
 2018/10/15-17:09 [main] INFO  org.springframework.data.repository.config.RepositoryConfigurationDelegate- Multiple Spring Data modules found, entering strict repository configuration mode!
 2018/10/15-17:09 [main] INFO  org.springframework.data.repository.config.RepositoryConfigurationDelegate- Multiple Spring Data modules found, entering strict repository configuration mode!
 2018/10/15-17:09 [main] INFO  org.springframework.context.support.PostProcessorRegistrationDelegate$BeanPostProcessorChecker- Bean 'org.springframework.transaction.annotation.ProxyTransactionManagementConfiguration' of type [org.springframework.transaction.annotation.ProxyTransactionManagementConfiguration$$EnhancerBySpringCGLIB$$b802c57c] is not eligible for getting processed by all BeanPostProcessors (for example: not eligible for auto-proxying)
 2018/10/15-17:09 [main] INFO  org.springframework.boot.web.embedded.tomcat.TomcatWebServer- Tomcat initialized with port(s): 8080 (http)
 2018/10/15-17:09 [main] INFO  org.apache.catalina.core.StandardService- Starting service [Tomcat]
 2018/10/15-17:09 [main] INFO  org.apache.catalina.core.StandardEngine- Starting Servlet Engine: Apache Tomcat/8.5.34
 2018/10/15-17:09 [localhost-startStop-1] INFO  org.apache.catalina.core.AprLifecycleListener- Loaded APR based Apache Tomcat Native library [1.2.16] using APR version [1.6.3].
 2018/10/15-17:09 [localhost-startStop-1] INFO  org.apache.catalina.core.AprLifecycleListener- APR capabilities: IPv6 [true], sendfile [true], accept filters [false], random [true].
 2018/10/15-17:09 [localhost-startStop-1] INFO  org.apache.catalina.core.AprLifecycleListener- APR/OpenSSL configuration: useAprConnector [false], useOpenSSL [true]
 2018/10/15-17:09 [localhost-startStop-1] INFO  org.apache.catalina.core.AprLifecycleListener- OpenSSL successfully initialized [OpenSSL 1.0.2m  2 Nov 2017]
 2018/10/15-17:09 [localhost-startStop-1] INFO  org.apache.catalina.core.ContainerBase.[Tomcat].[localhost].[/]- Initializing Spring embedded WebApplicationContext
 2018/10/15-17:09 [localhost-startStop-1] INFO  org.springframework.web.context.ContextLoader- Root WebApplicationContext: initialization completed in 2625 ms
 2018/10/15-17:09 [localhost-startStop-1] INFO  org.springframework.boot.web.servlet.ServletRegistrationBean- Servlet dispatcherServlet mapped to [/]
 2018/10/15-17:09 [localhost-startStop-1] INFO  org.springframework.boot.web.servlet.FilterRegistrationBean- Mapping filter: 'characterEncodingFilter' to: [/*]
 2018/10/15-17:09 [localhost-startStop-1] INFO  org.springframework.boot.web.servlet.FilterRegistrationBean- Mapping filter: 'hiddenHttpMethodFilter' to: [/*]
 2018/10/15-17:09 [localhost-startStop-1] INFO  org.springframework.boot.web.servlet.FilterRegistrationBean- Mapping filter: 'httpPutFormContentFilter' to: [/*]
 2018/10/15-17:09 [localhost-startStop-1] INFO  org.springframework.boot.web.servlet.FilterRegistrationBean- Mapping filter: 'requestContextFilter' to: [/*]
 2018/10/15-17:09 [main] INFO  org.springframework.orm.jpa.LocalContainerEntityManagerFactoryBean- Building JPA container EntityManagerFactory for persistence unit 'default'
 2018/10/15-17:09 [main] INFO  org.hibernate.jpa.internal.util.LogHelper- HHH000204: Processing PersistenceUnitInfo [
	name: default
	...]
 2018/10/15-17:09 [main] INFO  org.hibernate.Version- HHH000412: Hibernate Core {5.2.17.Final}
 2018/10/15-17:09 [main] INFO  org.hibernate.cfg.Environment- HHH000206: hibernate.properties not found
 2018/10/15-17:09 [main] INFO  org.hibernate.annotations.common.Version- HCANN000001: Hibernate Commons Annotations {5.0.1.Final}
 2018/10/15-17:09 [main] INFO  org.hibernate.dialect.Dialect- HHH000400: Using dialect: org.hibernate.dialect.MySQL5Dialect
 2018/10/15-17:09 [main] INFO  org.springframework.orm.jpa.LocalContainerEntityManagerFactoryBean- Initialized JPA EntityManagerFactory for persistence unit 'default'
 2018/10/15-17:09 [main] INFO  org.springframework.web.servlet.handler.SimpleUrlHandlerMapping- Mapped URL path [/**/favicon.ico] onto handler of type [class org.springframework.web.servlet.resource.ResourceHttpRequestHandler]
 2018/10/15-17:09 [main] INFO  org.springframework.web.servlet.mvc.method.annotation.RequestMappingHandlerAdapter- Looking for @ControllerAdvice: org.springframework.boot.web.servlet.context.AnnotationConfigServletWebServerApplicationContext@68ad99fe: startup date [Mon Oct 15 17:09:53 CST 2018]; root of context hierarchy
 2018/10/15-17:09 [main] WARN  org.springframework.boot.autoconfigure.orm.jpa.JpaBaseConfiguration$JpaWebConfiguration$JpaWebMvcConfiguration- spring.jpa.open-in-view is enabled by default. Therefore, database queries may be performed during view rendering. Explicitly configure spring.jpa.open-in-view to disable this warning
 2018/10/15-17:09 [main] INFO  org.springframework.web.servlet.mvc.method.annotation.RequestMappingHandlerMapping- Mapped "{[/login],methods=[GET]}" onto public java.lang.String com.example.controller.HtmlController.login()
 2018/10/15-17:09 [main] INFO  org.springframework.web.servlet.mvc.method.annotation.RequestMappingHandlerMapping- Mapped "{[/register],methods=[GET]}" onto public java.lang.String com.example.controller.HtmlController.register()
 2018/10/15-17:09 [main] INFO  org.springframework.web.servlet.mvc.method.annotation.RequestMappingHandlerMapping- Mapped "{[/testboot/getuser]}" onto public com.example.entity.User com.example.controller.TestBootController.getUser()
 2018/10/15-17:09 [main] INFO  org.springframework.web.servlet.mvc.method.annotation.RequestMappingHandlerMapping- Mapped "{[/user/forms.do]}" onto public java.lang.String com.example.controller.UserController.forms(com.example.entity.User,java.util.HashMap<java.lang.String, java.lang.Object>) throws com.example.controller.MyException
 2018/10/15-17:09 [main] INFO  org.springframework.web.servlet.mvc.method.annotation.RequestMappingHandlerMapping- Mapped "{[/user/register.do]}" onto public java.lang.String com.example.controller.UserController.register(com.example.entity.User,java.util.HashMap<java.lang.String, java.lang.Object>) throws com.example.controller.MyException
 2018/10/15-17:09 [main] INFO  org.springframework.web.servlet.mvc.method.annotation.RequestMappingHandlerMapping- Mapped "{[/user/getpl]}" onto public java.lang.String com.example.controller.UserController.toIndex(javax.servlet.http.HttpServletRequest,org.springframework.ui.Model,java.util.HashMap<java.lang.String, java.lang.Object>)
 2018/10/15-17:09 [main] INFO  org.springframework.web.servlet.mvc.method.annotation.RequestMappingHandlerMapping- Mapped "{[/error],produces=[text/html]}" onto public org.springframework.web.servlet.ModelAndView org.springframework.boot.autoconfigure.web.servlet.error.BasicErrorController.errorHtml(javax.servlet.http.HttpServletRequest,javax.servlet.http.HttpServletResponse)
 2018/10/15-17:09 [main] INFO  org.springframework.web.servlet.mvc.method.annotation.RequestMappingHandlerMapping- Mapped "{[/error]}" onto public org.springframework.http.ResponseEntity<java.util.Map<java.lang.String, java.lang.Object>> org.springframework.boot.autoconfigure.web.servlet.error.BasicErrorController.error(javax.servlet.http.HttpServletRequest)
 2018/10/15-17:09 [main] INFO  org.springframework.web.servlet.handler.SimpleUrlHandlerMapping- Mapped URL path [/webjars/**] onto handler of type [class org.springframework.web.servlet.resource.ResourceHttpRequestHandler]
 2018/10/15-17:09 [main] INFO  org.springframework.web.servlet.handler.SimpleUrlHandlerMapping- Mapped URL path [/**] onto handler of type [class org.springframework.web.servlet.resource.ResourceHttpRequestHandler]
 2018/10/15-17:09 [main] INFO  org.springframework.web.servlet.mvc.method.annotation.ExceptionHandlerExceptionResolver- Detected @ExceptionHandler methods in globalExceptionHandler
 2018/10/15-17:09 [main] INFO  org.springframework.web.servlet.view.freemarker.FreeMarkerConfigurer- ClassTemplateLoader for Spring macros added to FreeMarker configuration
 2018/10/15-17:09 [main] WARN  org.springframework.boot.starter.redis.RedisStarterDeprecationWarningAutoConfiguration- spring-boot-starter-redis is deprecated as of Spring Boot 1.4, please migrate to spring-boot-starter-data-redis
 2018/10/15-17:09 [main] INFO  org.springframework.jmx.export.annotation.AnnotationMBeanExporter- Registering beans for JMX exposure on startup
 2018/10/15-17:09 [main] INFO  org.springframework.jmx.export.annotation.AnnotationMBeanExporter- Bean with name 'dataSource' has been autodetected for JMX exposure
 2018/10/15-17:09 [main] INFO  org.springframework.jmx.export.annotation.AnnotationMBeanExporter- Located MBean 'dataSource': registering with JMX server as MBean [com.alibaba.druid.pool:name=dataSource,type=DruidDataSource]
 2018/10/15-17:09 [main] INFO  org.springframework.boot.web.embedded.tomcat.TomcatWebServer- Tomcat started on port(s): 8080 (http) with context path ''
 2018/10/15-17:09 [main] INFO  com.example.PenglangApplication- Started PenglangApplication in 5.274 seconds (JVM running for 6.442)
 2018/10/15-17:10 [http-nio-8080-exec-1] INFO  org.apache.catalina.core.ContainerBase.[Tomcat].[localhost].[/]- Initializing Spring FrameworkServlet 'dispatcherServlet'
 2018/10/15-17:10 [http-nio-8080-exec-1] INFO  org.springframework.web.servlet.DispatcherServlet- FrameworkServlet 'dispatcherServlet': initialization started
 2018/10/15-17:10 [http-nio-8080-exec-1] INFO  org.springframework.web.servlet.DispatcherServlet- FrameworkServlet 'dispatcherServlet': initialization completed in 25 ms
 2018/10/15-17:10 [http-nio-8080-exec-1] INFO  com.example.controller.HtmlController- ===============进入登录页========================
 